Unity Editor version:    2021.3.11f1 (0a5ca18544bf)
Branch:                  2021.3/staging
Build type:              Release
Batch mode:              YES
macOS version:           Version 12.6 (Build 21G115)
Darwin version:          21.6.0
Architecture:            x86_64
Running under Rosetta:   YES
Available memory:        16384 MB
Using pre-set license
Pro License: YES

COMMAND LINE ARGUMENTS:
/Applications/Unity/Hub/Editor/2021.3.11f1/Unity.app/Contents/MacOS/Unity
-adb2
-batchMode
-noUpm
-name
AssetImportWorker0
-projectPath
/Users/naotost/AQI Survival
-logFile
Logs/AssetImportWorker0.log
-srvPort
49231
Successfully changed project path to: /Users/naotost/AQI Survival
/Users/naotost/AQI Survival
[UnityMemory] Configuration Parameters - Can be set up in boot.config
    "memorysetup-bucket-allocator-granularity=16"
    "memorysetup-bucket-allocator-bucket-count=8"
    "memorysetup-bucket-allocator-block-size=33554432"
    "memorysetup-bucket-allocator-block-count=8"
    "memorysetup-main-allocator-block-size=16777216"
    "memorysetup-thread-allocator-block-size=16777216"
    "memorysetup-gfx-main-allocator-block-size=16777216"
    "memorysetup-gfx-thread-allocator-block-size=16777216"
    "memorysetup-cache-allocator-block-size=4194304"
    "memorysetup-typetree-allocator-block-size=2097152"
    "memorysetup-profiler-bucket-allocator-granularity=16"
    "memorysetup-profiler-bucket-allocator-bucket-count=8"
    "memorysetup-profiler-bucket-allocator-block-size=33554432"
    "memorysetup-profiler-bucket-allocator-block-count=8"
    "memorysetup-profiler-allocator-block-size=16777216"
    "memorysetup-profiler-editor-allocator-block-size=1048576"
    "memorysetup-temp-allocator-size-main=16777216"
    "memorysetup-job-temp-allocator-block-size=2097152"
    "memorysetup-job-temp-allocator-block-size-background=1048576"
    "memorysetup-job-temp-allocator-reduction-small-platforms=262144"
    "memorysetup-temp-allocator-size-background-worker=32768"
    "memorysetup-temp-allocator-size-job-worker=262144"
    "memorysetup-temp-allocator-size-preload-manager=33554432"
    "memorysetup-temp-allocator-size-nav-mesh-worker=65536"
    "memorysetup-temp-allocator-size-audio-worker=65536"
    "memorysetup-temp-allocator-size-cloud-worker=32768"
    "memorysetup-temp-allocator-size-gi-baking-worker=262144"
    "memorysetup-temp-allocator-size-gfx=262144"
Refreshing native plugins compatible for Editor in 103.50 ms, found 2 plugins.
Preloading 0 native plugins for Editor in 0.00 ms.
Initialize engine version: 2021.3.11f1 (0a5ca18544bf)
[Subsystems] Discovering subsystems at path /Applications/Unity/Hub/Editor/2021.3.11f1/Unity.app/Contents/Resources/UnitySubsystems
[Subsystems] Discovering subsystems at path /Users/naotost/AQI Survival/Assets
GfxDevice: creating device client; threaded=0; jobified=0
 preferred device: Apple M1 Pro (high power)
Metal devices available: 1
0: Apple M1 Pro (high power)
Using device Apple M1 Pro (high power)
Initializing Metal device caps: Apple M1 Pro
Initialize mono
Mono path[0] = '/Applications/Unity/Hub/Editor/2021.3.11f1/Unity.app/Contents/Managed'
Mono path[1] = '/Applications/Unity/Hub/Editor/2021.3.11f1/Unity.app/Contents/MonoBleedingEdge/lib/mono/unityjit-macos'
Mono config path = '/Applications/Unity/Hub/Editor/2021.3.11f1/Unity.app/Contents/MonoBleedingEdge/etc'
Using monoOptions --debugger-agent=transport=dt_socket,embedding=1,server=y,suspend=n,address=127.0.0.1:56810
Begin MonoManager ReloadAssembly
Registering precompiled unity dll's ...
Register platform support module: /Applications/Unity/Hub/Editor/2021.3.11f1/Unity.app/Contents/PlaybackEngines/MacStandaloneSupport/UnityEditor.OSXStandalone.Extensions.dll
Registered in 0.000536 seconds.
Native extension for OSXStandalone target not found
Refreshing native plugins compatible for Editor in 104.08 ms, found 2 plugins.
Preloading 0 native plugins for Editor in 0.00 ms.
Mono: successfully reloaded assembly
- Completed reload, in  1.461 seconds
Domain Reload Profiling:
	ReloadAssembly (1462ms)
		BeginReloadAssembly (108ms)
			ExecutionOrderSort (0ms)
			DisableScriptedObjects (0ms)
			BackupInstance (0ms)
			ReleaseScriptingObjects (0ms)
			CreateAndSetChildDomain (2ms)
		EndReloadAssembly (1119ms)
			LoadAssemblies (105ms)
			RebuildTransferFunctionScriptingTraits (0ms)
			SetupTypeCache (137ms)
			ReleaseScriptCaches (0ms)
			RebuildScriptCaches (35ms)
			SetupLoadedEditorAssemblies (796ms)
				LogAssemblyErrors (0ms)
				InitializePlatformSupportModulesInManaged (20ms)
				SetLoadedEditorAssemblies (1ms)
				RefreshPlugins (104ms)
				BeforeProcessingInitializeOnLoad (3ms)
				ProcessInitializeOnLoadAttributes (492ms)
				ProcessInitializeOnLoadMethodAttributes (176ms)
				AfterProcessingInitializeOnLoad (0ms)
				EditorAssembliesLoaded (0ms)
			ExecutionOrderSort2 (0ms)
			AwakeInstancesAfterBackupRestoration (0ms)
Platform modules already initialized, skipping
Registering precompiled user dll's ...
Registered in 0.002233 seconds.
Begin MonoManager ReloadAssembly
Symbol file LoadedFromMemory doesn't match image /Users/naotost/AQI Survival/Library/PackageCache/com.unity.visualscripting@1.7.8/Editor/VisualScripting.Core/Dependencies/YamlDotNet/Unity.VisualScripting.YamlDotNet.dll
Symbol file LoadedFromMemory doesn't match image /Users/naotost/AQI Survival/Library/PackageCache/com.unity.visualscripting@1.7.8/Editor/VisualScripting.Core/Dependencies/DotNetZip/Unity.VisualScripting.IonicZip.dll
Native extension for OSXStandalone target not found
Refreshing native plugins compatible for Editor in 0.86 ms, found 2 plugins.
Preloading 0 native plugins for Editor in 0.00 ms.
Mono: successfully reloaded assembly
- Completed reload, in  2.657 seconds
Domain Reload Profiling:
	ReloadAssembly (2662ms)
		BeginReloadAssembly (245ms)
			ExecutionOrderSort (0ms)
			DisableScriptedObjects (41ms)
			BackupInstance (0ms)
			ReleaseScriptingObjects (0ms)
			CreateAndSetChildDomain (30ms)
		EndReloadAssembly (2111ms)
			LoadAssemblies (123ms)
			RebuildTransferFunctionScriptingTraits (0ms)
			SetupTypeCache (345ms)
			ReleaseScriptCaches (1ms)
			RebuildScriptCaches (65ms)
			SetupLoadedEditorAssemblies (1338ms)
				LogAssemblyErrors (0ms)
				InitializePlatformSupportModulesInManaged (15ms)
				SetLoadedEditorAssemblies (2ms)
				RefreshPlugins (1ms)
				BeforeProcessingInitializeOnLoad (153ms)
				ProcessInitializeOnLoadAttributes (1053ms)
				ProcessInitializeOnLoadMethodAttributes (113ms)
				AfterProcessingInitializeOnLoad (1ms)
				EditorAssembliesLoaded (0ms)
			ExecutionOrderSort2 (0ms)
			AwakeInstancesAfterBackupRestoration (12ms)
Platform modules already initialized, skipping
========================================================================
Worker process is ready to serve import requests
Launching external process: /Applications/Unity/Hub/Editor/2021.3.11f1/Unity.app/Contents/Tools/UnityShaderCompiler
Launched and connected shader compiler UnityShaderCompiler after 0.08 seconds
Refreshing native plugins compatible for Editor in 0.58 ms, found 2 plugins.
Preloading 0 native plugins for Editor in 0.00 ms.
Unloading 3380 Unused Serialized files (Serialized files now loaded: 0)
Unloading 27 unused Assets / (97.3 KB). Loaded Objects now: 3837.
Memory consumption went from 231.4 MB to 231.3 MB.
Total: 2.959750 ms (FindLiveObjects: 0.232042 ms CreateObjectMapping: 0.081083 ms MarkObjects: 2.498166 ms  DeleteObjects: 0.147542 ms)

AssetImportParameters requested are different than current active one (requested -> active):
  custom:video-decoder-ogg-theora: a1e56fd34408186e4bbccfd4996cb3dc -> 
  custom:container-muxer-webm: aa71ff27fc2769a1b78a27578f13a17b -> 
  custom:container-demuxer-webm: 4f35f7cbe854078d1ac9338744f61a02 -> 
  custom:video-encoder-webm-vp8: eb34c28f22e8b96e1ab97ce403110664 -> 
  custom:framework-osx-AVFoundation: e770b220cccbd017edd2c1fefb359320 -> 
  custom:audio-encoder-webm-vorbis: bf7c407c2cedff20999df2af8eb42d56 -> 
  custom:container-demuxer-ogg: 62fdf1f143b41e24485cea50d1cbac27 -> 
  custom:video-decoder-webm-vp8: 9c59270c3fd7afecdb556c50c9e8de78 -> 
  custom:audio-decoder-ogg-vorbis: bf7c407c2cedff20999df2af8eb42d56 -> 
========================================================================
Received Import Request.
  Time since last request: 534236.131006 seconds.
  path: Assets/POLYGON city pack/Read_me.txt
  artifactKey: Guid(1d6f4f38e90b0f447bf261e122432c41) Importer(815301076,1909f56bfc062723c751e8b465ee728b)
Start importing Assets/POLYGON city pack/Read_me.txt using Guid(1d6f4f38e90b0f447bf261e122432c41) Importer(815301076,1909f56bfc062723c751e8b465ee728b)  -> (artifact id: '2749044c38ec228929ca745caf765608') in 1.279382 seconds 
========================================================================
Received Import Request.
  Time since last request: 37.609313 seconds.
  path: Assets/POLYGON city pack/scene/DemoSceneSettings.lighting
  artifactKey: Guid(6396e3f3c98748446861aa99c61de5c3) Importer(815301076,1909f56bfc062723c751e8b465ee728b)
Start importing Assets/POLYGON city pack/scene/DemoSceneSettings.lighting using Guid(6396e3f3c98748446861aa99c61de5c3) Importer(815301076,1909f56bfc062723c751e8b465ee728b) LightingSettings: switching bake backend from 1 to 0.
 -> (artifact id: '032861feac98cfd53c865de961ca214c') in 0.623016 seconds 
========================================================================
Received Import Request.
  Time since last request: 1.230188 seconds.
  path: Assets/POLYGON city pack/scene/DemoScene
  artifactKey: Guid(2381fae1cb5a78841ac8104b0fbe904f) Importer(815301076,1909f56bfc062723c751e8b465ee728b)
Start importing Assets/POLYGON city pack/scene/DemoScene using Guid(2381fae1cb5a78841ac8104b0fbe904f) Importer(815301076,1909f56bfc062723c751e8b465ee728b)  -> (artifact id: 'cdef4d365be6d101d621ec6400f5507b') in 0.001058 seconds 
========================================================================
Received Import Request.
  Time since last request: 0.052579 seconds.
  path: Assets/POLYGON city pack/scene/DemoScene/LightingData.asset
  artifactKey: Guid(1e67a5e3bae3ce9489dcdc9c5830c140) Importer(815301076,1909f56bfc062723c751e8b465ee728b)
Start importing Assets/POLYGON city pack/scene/DemoScene/LightingData.asset using Guid(1e67a5e3bae3ce9489dcdc9c5830c140) Importer(815301076,1909f56bfc062723c751e8b465ee728b)  -> (artifact id: 'ed99f77b1b7160039f3776ae20306180') in 0.056677 seconds 
========================================================================
Received Prepare
Registering precompiled user dll's ...
Registered in 0.001806 seconds.
Begin MonoManager ReloadAssembly
Symbol file LoadedFromMemory doesn't match image /Users/naotost/AQI Survival/Library/PackageCache/com.unity.visualscripting@1.7.8/Editor/VisualScripting.Core/Dependencies/YamlDotNet/Unity.VisualScripting.YamlDotNet.dll
Symbol file LoadedFromMemory doesn't match image /Users/naotost/AQI Survival/Library/PackageCache/com.unity.visualscripting@1.7.8/Editor/VisualScripting.Core/Dependencies/DotNetZip/Unity.VisualScripting.IonicZip.dll
Native extension for OSXStandalone target not found
Refreshing native plugins compatible for Editor in 0.70 ms, found 2 plugins.
Preloading 0 native plugins for Editor in 0.00 ms.
Mono: successfully reloaded assembly
- Completed reload, in  2.336 seconds
Domain Reload Profiling:
	ReloadAssembly (2338ms)
		BeginReloadAssembly (247ms)
			ExecutionOrderSort (0ms)
			DisableScriptedObjects (38ms)
			BackupInstance (0ms)
			ReleaseScriptingObjects (0ms)
			CreateAndSetChildDomain (62ms)
		EndReloadAssembly (1852ms)
			LoadAssemblies (98ms)
			RebuildTransferFunctionScriptingTraits (0ms)
			SetupTypeCache (336ms)
			ReleaseScriptCaches (1ms)
			RebuildScriptCaches (47ms)
			SetupLoadedEditorAssemblies (1170ms)
				LogAssemblyErrors (0ms)
				InitializePlatformSupportModulesInManaged (34ms)
				SetLoadedEditorAssemblies (1ms)
				RefreshPlugins (1ms)
				BeforeProcessingInitializeOnLoad (106ms)
				ProcessInitializeOnLoadAttributes (908ms)
				ProcessInitializeOnLoadMethodAttributes (119ms)
				AfterProcessingInitializeOnLoad (1ms)
				EditorAssembliesLoaded (0ms)
			ExecutionOrderSort2 (0ms)
			AwakeInstancesAfterBackupRestoration (12ms)
Platform modules already initialized, skipping
Refreshing native plugins compatible for Editor in 1.09 ms, found 2 plugins.
Preloading 0 native plugins for Editor in 0.00 ms.
Unloading 3375 Unused Serialized files (Serialized files now loaded: 0)
Unloading 20 unused Assets / (72.9 KB). Loaded Objects now: 3841.
Memory consumption went from 243.8 MB to 243.7 MB.
Total: 2.754417 ms (FindLiveObjects: 0.167125 ms CreateObjectMapping: 0.073542 ms MarkObjects: 2.416583 ms  DeleteObjects: 0.096042 ms)

AssetImportParameters requested are different than current active one (requested -> active):
  custom:video-decoder-ogg-theora: a1e56fd34408186e4bbccfd4996cb3dc -> 
  custom:container-muxer-webm: aa71ff27fc2769a1b78a27578f13a17b -> 
  custom:container-demuxer-webm: 4f35f7cbe854078d1ac9338744f61a02 -> 
  custom:video-encoder-webm-vp8: eb34c28f22e8b96e1ab97ce403110664 -> 
  custom:framework-osx-AVFoundation: e770b220cccbd017edd2c1fefb359320 -> 
  custom:audio-encoder-webm-vorbis: bf7c407c2cedff20999df2af8eb42d56 -> 
  custom:container-demuxer-ogg: 62fdf1f143b41e24485cea50d1cbac27 -> 
  custom:video-decoder-webm-vp8: 9c59270c3fd7afecdb556c50c9e8de78 -> 
  custom:audio-decoder-ogg-vorbis: bf7c407c2cedff20999df2af8eb42d56 -> 
========================================================================
Received Import Request.
  Time since last request: 55.684464 seconds.
  path: Assets/POLYGON city pack/scene/Main.unity
  artifactKey: Guid(7759de288f5d4ee449a0ca5e2244944a) Importer(815301076,1909f56bfc062723c751e8b465ee728b)
Start importing Assets/POLYGON city pack/scene/Main.unity using Guid(7759de288f5d4ee449a0ca5e2244944a) Importer(815301076,1909f56bfc062723c751e8b465ee728b)  -> (artifact id: 'ae3e8aff1eadc39de6c7e596fa4056a7') in 0.008311 seconds 
========================================================================
Received Import Request.
  Time since last request: 517.985391 seconds.
  path: Assets
  artifactKey: Guid(00000000000000001000000000000000) Importer(815301076,1909f56bfc062723c751e8b465ee728b)
Start importing Assets using Guid(00000000000000001000000000000000) Importer(815301076,1909f56bfc062723c751e8b465ee728b)  -> (artifact id: '79842766b460edbeab6a34051e857a80') in 0.001159 seconds 
========================================================================
Received Import Request.
  Time since last request: 1.537084 seconds.
  path: Assets/Scenes
  artifactKey: Guid(6ea315d0fd7389c41b19996891e99ae3) Importer(815301076,1909f56bfc062723c751e8b465ee728b)
Start importing Assets/Scenes using Guid(6ea315d0fd7389c41b19996891e99ae3) Importer(815301076,1909f56bfc062723c751e8b465ee728b)  -> (artifact id: 'b8193726cff86800c54781cdc6d54904') in 0.001216 seconds 
========================================================================
Received Import Request.
  Time since last request: 3.555944 seconds.
  path: Assets/Scenes/SampleScene.unity
  artifactKey: Guid(9fc0d4010bbf28b4594072e72b8655ab) Importer(815301076,1909f56bfc062723c751e8b465ee728b)
Start importing Assets/Scenes/SampleScene.unity using Guid(9fc0d4010bbf28b4594072e72b8655ab) Importer(815301076,1909f56bfc062723c751e8b465ee728b)  -> (artifact id: 'e55ccaa32d8e5c1de03c07a5412c8c3c') in 0.001155 seconds 
========================================================================
Received Import Request.
  Time since last request: 6.392779 seconds.
  path: Assets/POLYGON city pack/scene/Main.unity
  artifactKey: Guid(7759de288f5d4ee449a0ca5e2244944a) Importer(815301076,1909f56bfc062723c751e8b465ee728b)
Start importing Assets/POLYGON city pack/scene/Main.unity using Guid(7759de288f5d4ee449a0ca5e2244944a) Importer(815301076,1909f56bfc062723c751e8b465ee728b)  -> (artifact id: '9bcfeb338c36a28f697568f1f2d55bd8') in 0.001385 seconds 
========================================================================
Received Import Request.
  Time since last request: 8.046549 seconds.
  path: Assets/Scripts
  artifactKey: Guid(6ea315d0fd7389c41b19996891e99ae3) Importer(815301076,1909f56bfc062723c751e8b465ee728b)
Start importing Assets/Scripts using Guid(6ea315d0fd7389c41b19996891e99ae3) Importer(815301076,1909f56bfc062723c751e8b465ee728b)  -> (artifact id: 'e5df15f8d7df32a882316c3d25ba969d') in 0.001209 seconds 
========================================================================
Received Import Request.
  Time since last request: 210.383460 seconds.
  path: Assets/Scenes
  artifactKey: Guid(32c6adc296a2441e8b0c841c9343e15f) Importer(815301076,1909f56bfc062723c751e8b465ee728b)
Start importing Assets/Scenes using Guid(32c6adc296a2441e8b0c841c9343e15f) Importer(815301076,1909f56bfc062723c751e8b465ee728b)  -> (artifact id: 'b67665c7b7e337a2fb181d29057e3d9b') in 0.001279 seconds 
========================================================================
Received Import Request.
  Time since last request: 12.444459 seconds.
  path: Assets/Scenes/Main.unity
  artifactKey: Guid(e5ca44e943e6643fdaa6898f5027e91e) Importer(815301076,1909f56bfc062723c751e8b465ee728b)
Start importing Assets/Scenes/Main.unity using Guid(e5ca44e943e6643fdaa6898f5027e91e) Importer(815301076,1909f56bfc062723c751e8b465ee728b)  -> (artifact id: '64d1555fa035d70bdef63583d0b98891') in 0.001176 seconds 
========================================================================
Received Prepare
Registering precompiled user dll's ...
Registered in 0.001739 seconds.
Begin MonoManager ReloadAssembly
Symbol file LoadedFromMemory doesn't match image /Users/naotost/AQI Survival/Library/PackageCache/com.unity.visualscripting@1.7.8/Editor/VisualScripting.Core/Dependencies/YamlDotNet/Unity.VisualScripting.YamlDotNet.dll
Symbol file LoadedFromMemory doesn't match image /Users/naotost/AQI Survival/Library/PackageCache/com.unity.visualscripting@1.7.8/Editor/VisualScripting.Core/Dependencies/DotNetZip/Unity.VisualScripting.IonicZip.dll
Native extension for OSXStandalone target not found
Refreshing native plugins compatible for Editor in 0.70 ms, found 2 plugins.
Preloading 0 native plugins for Editor in 0.00 ms.
Mono: successfully reloaded assembly
- Completed reload, in  2.400 seconds
Domain Reload Profiling:
	ReloadAssembly (2403ms)
		BeginReloadAssembly (312ms)
			ExecutionOrderSort (0ms)
			DisableScriptedObjects (43ms)
			BackupInstance (0ms)
			ReleaseScriptingObjects (0ms)
			CreateAndSetChildDomain (75ms)
		EndReloadAssembly (1848ms)
			LoadAssemblies (154ms)
			RebuildTransferFunctionScriptingTraits (0ms)
			SetupTypeCache (343ms)
			ReleaseScriptCaches (2ms)
			RebuildScriptCaches (47ms)
			SetupLoadedEditorAssemblies (1130ms)
				LogAssemblyErrors (0ms)
				InitializePlatformSupportModulesInManaged (32ms)
				SetLoadedEditorAssemblies (2ms)
				RefreshPlugins (1ms)
				BeforeProcessingInitializeOnLoad (111ms)
				ProcessInitializeOnLoadAttributes (868ms)
				ProcessInitializeOnLoadMethodAttributes (115ms)
				AfterProcessingInitializeOnLoad (1ms)
				EditorAssembliesLoaded (0ms)
			ExecutionOrderSort2 (0ms)
			AwakeInstancesAfterBackupRestoration (12ms)
Platform modules already initialized, skipping
Refreshing native plugins compatible for Editor in 1.10 ms, found 2 plugins.
Preloading 0 native plugins for Editor in 0.00 ms.
Unloading 3396 Unused Serialized files (Serialized files now loaded: 0)
Unloading 25 unused Assets / (2.2 MB). Loaded Objects now: 3860.
Memory consumption went from 248.4 MB to 246.2 MB.
Total: 3.604708 ms (FindLiveObjects: 0.186708 ms CreateObjectMapping: 0.073875 ms MarkObjects: 2.509291 ms  DeleteObjects: 0.833666 ms)

AssetImportParameters requested are different than current active one (requested -> active):
  custom:video-decoder-ogg-theora: a1e56fd34408186e4bbccfd4996cb3dc -> 
  custom:container-muxer-webm: aa71ff27fc2769a1b78a27578f13a17b -> 
  custom:container-demuxer-webm: 4f35f7cbe854078d1ac9338744f61a02 -> 
  custom:video-encoder-webm-vp8: eb34c28f22e8b96e1ab97ce403110664 -> 
  custom:framework-osx-AVFoundation: e770b220cccbd017edd2c1fefb359320 -> 
  custom:audio-encoder-webm-vorbis: bf7c407c2cedff20999df2af8eb42d56 -> 
  custom:container-demuxer-ogg: 62fdf1f143b41e24485cea50d1cbac27 -> 
  custom:video-decoder-webm-vp8: 9c59270c3fd7afecdb556c50c9e8de78 -> 
  custom:audio-decoder-ogg-vorbis: bf7c407c2cedff20999df2af8eb42d56 -> 
========================================================================
Received Import Request.
  Time since last request: 170.838510 seconds.
  path: Assets/ZRNAssets/PQAssets
  artifactKey: Guid(59a780d0e0112430089501ab9c23fd6f) Importer(815301076,1909f56bfc062723c751e8b465ee728b)
Start importing Assets/ZRNAssets/PQAssets using Guid(59a780d0e0112430089501ab9c23fd6f) Importer(815301076,1909f56bfc062723c751e8b465ee728b)  -> (artifact id: 'd6228199c7bd8bf392d39f0bae564af1') in 0.007210 seconds 
========================================================================
Received Import Request.
  Time since last request: 0.877074 seconds.
  path: Assets/ZRNAssets/PQAssets/Query-Chan
  artifactKey: Guid(10cf2ddb330724fc08667d825ceb8b9b) Importer(815301076,1909f56bfc062723c751e8b465ee728b)
Start importing Assets/ZRNAssets/PQAssets/Query-Chan using Guid(10cf2ddb330724fc08667d825ceb8b9b) Importer(815301076,1909f56bfc062723c751e8b465ee728b)  -> (artifact id: 'f2679106ff01d8a4d68c421c320131cb') in 0.001251 seconds 
========================================================================
Received Import Request.
  Time since last request: 2.247867 seconds.
  path: Assets/ZRNAssets/PQAssets/Query-Chan/Scenes
  artifactKey: Guid(ede45e611ce0845f58001990af326bf2) Importer(815301076,1909f56bfc062723c751e8b465ee728b)
Start importing Assets/ZRNAssets/PQAssets/Query-Chan/Scenes using Guid(ede45e611ce0845f58001990af326bf2) Importer(815301076,1909f56bfc062723c751e8b465ee728b)  -> (artifact id: 'e493f5b83ce38315a7855ac18ee8e5c2') in 0.000787 seconds 
========================================================================
Received Import Request.
  Time since last request: 1.407871 seconds.
  path: Assets/ZRNAssets/PQAssets/Query-Chan/Scenes/01_OperateQuery_Standing.unity
  artifactKey: Guid(acbd93d50db3e4489849ce2e88f7d7a5) Importer(815301076,1909f56bfc062723c751e8b465ee728b)
Start importing Assets/ZRNAssets/PQAssets/Query-Chan/Scenes/01_OperateQuery_Standing.unity using Guid(acbd93d50db3e4489849ce2e88f7d7a5) Importer(815301076,1909f56bfc062723c751e8b465ee728b)  -> (artifact id: 'a83e4aad9cbb3394dc1e35e8debe86b8') in 0.000665 seconds 
========================================================================
Received Import Request.
  Time since last request: 5.673668 seconds.
  path: Assets/ZRNAssets/PQAssets/Query-Chan/Scenes/02_OperateQuery_Flying.unity
  artifactKey: Guid(68fac5ef7ca534bf981c63440b33f04c) Importer(815301076,1909f56bfc062723c751e8b465ee728b)
Start importing Assets/ZRNAssets/PQAssets/Query-Chan/Scenes/02_OperateQuery_Flying.unity using Guid(68fac5ef7ca534bf981c63440b33f04c) Importer(815301076,1909f56bfc062723c751e8b465ee728b)  -> (artifact id: 'a67bf86234fa5349d21977eca414294b') in 0.001588 seconds 
========================================================================
Received Prepare
Registering precompiled user dll's ...
Registered in 0.001908 seconds.
Begin MonoManager ReloadAssembly
Symbol file LoadedFromMemory doesn't match image /Users/naotost/AQI Survival/Library/PackageCache/com.unity.visualscripting@1.7.8/Editor/VisualScripting.Core/Dependencies/YamlDotNet/Unity.VisualScripting.YamlDotNet.dll
Symbol file LoadedFromMemory doesn't match image /Users/naotost/AQI Survival/Library/PackageCache/com.unity.visualscripting@1.7.8/Editor/VisualScripting.Core/Dependencies/DotNetZip/Unity.VisualScripting.IonicZip.dll
Native extension for OSXStandalone target not found
Refreshing native plugins compatible for Editor in 0.61 ms, found 2 plugins.
Preloading 0 native plugins for Editor in 0.00 ms.
Mono: successfully reloaded assembly
- Completed reload, in  2.511 seconds
Domain Reload Profiling:
	ReloadAssembly (2514ms)
		BeginReloadAssembly (256ms)
			ExecutionOrderSort (0ms)
			DisableScriptedObjects (40ms)
			BackupInstance (0ms)
			ReleaseScriptingObjects (0ms)
			CreateAndSetChildDomain (58ms)
		EndReloadAssembly (2005ms)
			LoadAssemblies (105ms)
			RebuildTransferFunctionScriptingTraits (0ms)
			SetupTypeCache (344ms)
			ReleaseScriptCaches (1ms)
			RebuildScriptCaches (48ms)
			SetupLoadedEditorAssemblies (1299ms)
				LogAssemblyErrors (0ms)
				InitializePlatformSupportModulesInManaged (33ms)
				SetLoadedEditorAssemblies (2ms)
				RefreshPlugins (1ms)
				BeforeProcessingInitializeOnLoad (122ms)
				ProcessInitializeOnLoadAttributes (1012ms)
				ProcessInitializeOnLoadMethodAttributes (128ms)
				AfterProcessingInitializeOnLoad (1ms)
				EditorAssembliesLoaded (0ms)
			ExecutionOrderSort2 (0ms)
			AwakeInstancesAfterBackupRestoration (14ms)
Platform modules already initialized, skipping
Refreshing native plugins compatible for Editor in 1.80 ms, found 2 plugins.
Preloading 0 native plugins for Editor in 0.00 ms.
Unloading 3375 Unused Serialized files (Serialized files now loaded: 0)
Unloading 35 unused Assets / (73.1 KB). Loaded Objects now: 3848.
Memory consumption went from 245.4 MB to 245.4 MB.
Total: 2.951875 ms (FindLiveObjects: 0.204417 ms CreateObjectMapping: 0.149833 ms MarkObjects: 2.479667 ms  DeleteObjects: 0.116750 ms)

AssetImportParameters requested are different than current active one (requested -> active):
  custom:video-decoder-ogg-theora: a1e56fd34408186e4bbccfd4996cb3dc -> 
  custom:container-muxer-webm: aa71ff27fc2769a1b78a27578f13a17b -> 
  custom:container-demuxer-webm: 4f35f7cbe854078d1ac9338744f61a02 -> 
  custom:video-encoder-webm-vp8: eb34c28f22e8b96e1ab97ce403110664 -> 
  custom:framework-osx-AVFoundation: e770b220cccbd017edd2c1fefb359320 -> 
  custom:audio-encoder-webm-vorbis: bf7c407c2cedff20999df2af8eb42d56 -> 
  custom:container-demuxer-ogg: 62fdf1f143b41e24485cea50d1cbac27 -> 
  custom:video-decoder-webm-vp8: 9c59270c3fd7afecdb556c50c9e8de78 -> 
  custom:audio-decoder-ogg-vorbis: bf7c407c2cedff20999df2af8eb42d56 -> 
========================================================================
Received Import Request.
  Time since last request: 201.952609 seconds.
  path: Assets/Geopipe/Pack01
  artifactKey: Guid(5d7ed7b0e4d9cd04480224719249a248) Importer(815301076,1909f56bfc062723c751e8b465ee728b)
Start importing Assets/Geopipe/Pack01 using Guid(5d7ed7b0e4d9cd04480224719249a248) Importer(815301076,1909f56bfc062723c751e8b465ee728b)  -> (artifact id: '6ac5cde83da5577406c6a5885c15cae1') in 0.007776 seconds 
========================================================================
Received Import Request.
  Time since last request: 0.731321 seconds.
  path: Assets/Geopipe/Pack01/NYBlock01
  artifactKey: Guid(7409a576091cdd441b2d0ebe5905fb7c) Importer(815301076,1909f56bfc062723c751e8b465ee728b)
Start importing Assets/Geopipe/Pack01/NYBlock01 using Guid(7409a576091cdd441b2d0ebe5905fb7c) Importer(815301076,1909f56bfc062723c751e8b465ee728b)  -> (artifact id: '93ed7c79d942b953b50d1ef5f6af8e64') in 0.001159 seconds 
========================================================================
Received Import Request.
  Time since last request: 0.062192 seconds.
  path: Assets/Geopipe/Pack01/NYBlock01/NYBlock01.prefab
  artifactKey: Guid(1cd0e95b6cdedf3468ff544424b36f1b) Importer(815301076,1909f56bfc062723c751e8b465ee728b)
Start importing Assets/Geopipe/Pack01/NYBlock01/NYBlock01.prefab using Guid(1cd0e95b6cdedf3468ff544424b36f1b) Importer(815301076,1909f56bfc062723c751e8b465ee728b)  -> (artifact id: '6f6beecdcf351bca382a56b34942cddc') in 2.679592 seconds 
========================================================================
Received Import Request.
  Time since last request: 0.000092 seconds.
  path: Assets/Geopipe/Pack01/NYBlock01/Textures
  artifactKey: Guid(6319d1aebad839244a3c5bd0cfff5bb7) Importer(815301076,1909f56bfc062723c751e8b465ee728b)
Start importing Assets/Geopipe/Pack01/NYBlock01/Textures using Guid(6319d1aebad839244a3c5bd0cfff5bb7) Importer(815301076,1909f56bfc062723c751e8b465ee728b)  -> (artifact id: '4949d68d2feb6200b87a00efcada39b1') in 0.001047 seconds 
========================================================================
Received Import Request.
  Time since last request: 0.000061 seconds.
  path: Assets/Geopipe/Pack01/NYBlock01/Textures/high-detail-materials_road_asphalt.png
  artifactKey: Guid(38cd74d3890464f45bc38834734688bb) Importer(815301076,1909f56bfc062723c751e8b465ee728b)
Start importing Assets/Geopipe/Pack01/NYBlock01/Textures/high-detail-materials_road_asphalt.png using Guid(38cd74d3890464f45bc38834734688bb) Importer(815301076,1909f56bfc062723c751e8b465ee728b)  -> (artifact id: 'd464f68876bb33840373a7d94a8fcbe1') in 0.508069 seconds 
========================================================================
Received Import Request.
  Time since last request: 0.000091 seconds.
  path: Assets/Geopipe/Pack01/NYBlock01/Textures/medium-detail-materials_facade_metal_2.png
  artifactKey: Guid(a1ff3a81730c90b438b41d11521b7708) Importer(815301076,1909f56bfc062723c751e8b465ee728b)
Start importing Assets/Geopipe/Pack01/NYBlock01/Textures/medium-detail-materials_facade_metal_2.png using Guid(a1ff3a81730c90b438b41d11521b7708) Importer(815301076,1909f56bfc062723c751e8b465ee728b)  -> (artifact id: '60ccec51c23199e25a23ee9f68e44ac9') in 0.009345 seconds 
========================================================================
Received Import Request.
  Time since last request: 0.000061 seconds.
  path: Assets/Geopipe/Pack01/NYBlock01/Textures/medium-detail-materials_windowed_facade_brick_4mask.png
  artifactKey: Guid(1cd998c1a4f43c549a8e951eb5463d32) Importer(815301076,1909f56bfc062723c751e8b465ee728b)
Start importing Assets/Geopipe/Pack01/NYBlock01/Textures/medium-detail-materials_windowed_facade_brick_4mask.png using Guid(1cd998c1a4f43c549a8e951eb5463d32) Importer(815301076,1909f56bfc062723c751e8b465ee728b)  -> (artifact id: '4c5f3d0fa9019e356b35c2119d38f473') in 0.006960 seconds 
========================================================================
Received Import Request.
  Time since last request: 0.000042 seconds.
  path: Assets/Geopipe/Pack01/NYBlock01/Textures/medium-detail-materials_windowed_facade_concrete_2.png
  artifactKey: Guid(b50fabb5709422048a88db334909deb0) Importer(815301076,1909f56bfc062723c751e8b465ee728b)
Start importing Assets/Geopipe/Pack01/NYBlock01/Textures/medium-detail-materials_windowed_facade_concrete_2.png using Guid(b50fabb5709422048a88db334909deb0) Importer(815301076,1909f56bfc062723c751e8b465ee728b)  -> (artifact id: 'b1563764046b010a3f87cda3e0d4b5d3') in 0.006797 seconds 
========================================================================
Received Import Request.
  Time since last request: 0.000046 seconds.
  path: Assets/Geopipe/Pack01/NYBlock01/Textures/medium-detail-materials_windowed_facade_copper_1mask.png
  artifactKey: Guid(5f4a7313ac1d8cd47a82e34c3b037f17) Importer(815301076,1909f56bfc062723c751e8b465ee728b)
Start importing Assets/Geopipe/Pack01/NYBlock01/Textures/medium-detail-materials_windowed_facade_copper_1mask.png using Guid(5f4a7313ac1d8cd47a82e34c3b037f17) Importer(815301076,1909f56bfc062723c751e8b465ee728b)  -> (artifact id: '2dc972f05911b077f823e0a27b795e32') in 0.006116 seconds 
========================================================================
Received Import Request.
  Time since last request: 0.000089 seconds.
  path: Assets/Geopipe/Pack01/NYBlock01/Textures/medium-detail-materials_windowed_facade_concrete_2mask.png
  artifactKey: Guid(489af969a7095b348970a25ef5a0bd76) Importer(815301076,1909f56bfc062723c751e8b465ee728b)
Start importing Assets/Geopipe/Pack01/NYBlock01/Textures/medium-detail-materials_windowed_facade_concrete_2mask.png using Guid(489af969a7095b348970a25ef5a0bd76) Importer(815301076,1909f56bfc062723c751e8b465ee728b)  -> (artifact id: '26522c794fd04b22559b8299dc00f2ca') in 0.007044 seconds 
========================================================================
Received Import Request.
  Time since last request: 0.000045 seconds.
  path: Assets/Geopipe/Pack01/NYBlock01/Textures/medium-detail-materials_windowed_facade_concrete_1mask.png
  artifactKey: Guid(67d47b70a5500c743bc24cf614083944) Importer(815301076,1909f56bfc062723c751e8b465ee728b)
Start importing Assets/Geopipe/Pack01/NYBlock01/Textures/medium-detail-materials_windowed_facade_concrete_1mask.png using Guid(67d47b70a5500c743bc24cf614083944) Importer(815301076,1909f56bfc062723c751e8b465ee728b)  -> (artifact id: 'e72664a74753950ce3cc9c607a0a8d83') in 0.006528 seconds 
========================================================================
Received Import Request.
  Time since last request: 0.000045 seconds.
  path: Assets/Geopipe/Pack01/NYBlock01/Textures/medium-detail-materials_facade_plaster_3.png
  artifactKey: Guid(d74c366662290844f9c69ada626d8d81) Importer(815301076,1909f56bfc062723c751e8b465ee728b)
Start importing Assets/Geopipe/Pack01/NYBlock01/Textures/medium-detail-materials_facade_plaster_3.png using Guid(d74c366662290844f9c69ada626d8d81) Importer(815301076,1909f56bfc062723c751e8b465ee728b)  -> (artifact id: '72f21260574e8619aadd07d4fd4cf16c') in 0.005615 seconds 
========================================================================
Received Import Request.
  Time since last request: 0.000097 seconds.
  path: Assets/Geopipe/Pack01/NYBlock01/Textures/medium-detail-materials_facade_copper_1.png
  artifactKey: Guid(68cbe09a4bb4c2042a12fd0955011d08) Importer(815301076,1909f56bfc062723c751e8b465ee728b)
Start importing Assets/Geopipe/Pack01/NYBlock01/Textures/medium-detail-materials_facade_copper_1.png using Guid(68cbe09a4bb4c2042a12fd0955011d08) Importer(815301076,1909f56bfc062723c751e8b465ee728b)  -> (artifact id: 'e1edc6521225c9b447840113e9628dc7') in 0.005941 seconds 
========================================================================
Received Import Request.
  Time since last request: 0.000064 seconds.
  path: Assets/Geopipe/Pack01/NYBlock01/Textures/medium-detail-materials_windowed_facade_glass_3.png
  artifactKey: Guid(037c93b22bfd2b04d840b7b2d01aad2c) Importer(815301076,1909f56bfc062723c751e8b465ee728b)
Start importing Assets/Geopipe/Pack01/NYBlock01/Textures/medium-detail-materials_windowed_facade_glass_3.png using Guid(037c93b22bfd2b04d840b7b2d01aad2c) Importer(815301076,1909f56bfc062723c751e8b465ee728b)  -> (artifact id: 'cd1f7521ce162a64c7dee271af075079') in 0.007399 seconds 
========================================================================
Received Import Request.
  Time since last request: 0.000051 seconds.
  path: Assets/Geopipe/Pack01/NYBlock01/Textures/medium-detail-materials_windowed_facade_copper_1.png
  artifactKey: Guid(f74a53290722b784da8800c6a13a62c3) Importer(815301076,1909f56bfc062723c751e8b465ee728b)
Start importing Assets/Geopipe/Pack01/NYBlock01/Textures/medium-detail-materials_windowed_facade_copper_1.png using Guid(f74a53290722b784da8800c6a13a62c3) Importer(815301076,1909f56bfc062723c751e8b465ee728b)  -> (artifact id: 'f2b37d19845a575ccd278191f410065c') in 0.007005 seconds 
========================================================================
Received Import Request.
  Time since last request: 0.000055 seconds.
  path: Assets/Geopipe/Pack01/NYBlock01/Textures/medium-detail-materials_windowed_facade_brick_5.png
  artifactKey: Guid(e46d0e0d56622274d94d62d72813f543) Importer(815301076,1909f56bfc062723c751e8b465ee728b)
Start importing Assets/Geopipe/Pack01/NYBlock01/Textures/medium-detail-materials_windowed_facade_brick_5.png using Guid(e46d0e0d56622274d94d62d72813f543) Importer(815301076,1909f56bfc062723c751e8b465ee728b)  -> (artifact id: 'ffeff4dce4947e549a1409089ec62d85') in 0.006763 seconds 
========================================================================
Received Import Request.
  Time since last request: 0.000066 seconds.
  path: Assets/Geopipe/Pack01/NYBlock01/Textures/medium-detail-materials_windowed_facade_marble_1.png
  artifactKey: Guid(55ed76f53fdf86a4da352eb6d894e1fd) Importer(815301076,1909f56bfc062723c751e8b465ee728b)
Start importing Assets/Geopipe/Pack01/NYBlock01/Textures/medium-detail-materials_windowed_facade_marble_1.png using Guid(55ed76f53fdf86a4da352eb6d894e1fd) Importer(815301076,1909f56bfc062723c751e8b465ee728b)  -> (artifact id: '0255b2b2eff982e815477ec736e34b0f') in 0.007143 seconds 
========================================================================
Received Import Request.
  Time since last request: 0.000072 seconds.
  path: Assets/Geopipe/Pack01/NYBlock01/Textures/medium-detail-materials_windowed_facade_metal_1.png
  artifactKey: Guid(0cff9e94b124f724fa3e8b9ae548bcfb) Importer(815301076,1909f56bfc062723c751e8b465ee728b)
Start importing Assets/Geopipe/Pack01/NYBlock01/Textures/medium-detail-materials_windowed_facade_metal_1.png using Guid(0cff9e94b124f724fa3e8b9ae548bcfb) Importer(815301076,1909f56bfc062723c751e8b465ee728b)  -> (artifact id: '41e1d779679ed94fbc468fe363f49900') in 0.007225 seconds 
========================================================================
Received Import Request.
  Time since last request: 0.000089 seconds.
  path: Assets/Geopipe/Pack01/NYBlock01/Textures/medium-detail-materials_windowed_facade_brick_3.png
  artifactKey: Guid(7181ddd974ea2d046867bf5e3973e2d3) Importer(815301076,1909f56bfc062723c751e8b465ee728b)
Start importing Assets/Geopipe/Pack01/NYBlock01/Textures/medium-detail-materials_windowed_facade_brick_3.png using Guid(7181ddd974ea2d046867bf5e3973e2d3) Importer(815301076,1909f56bfc062723c751e8b465ee728b)  -> (artifact id: '1130fd6f2a50da3e414ab923951fe66d') in 0.007537 seconds 
========================================================================
Received Import Request.
  Time since last request: 0.000061 seconds.
  path: Assets/Geopipe/Pack01/NYBlock01/Textures/medium-detail-materials_windowed_facade_brick_2mask.png
  artifactKey: Guid(7056dcdabd73e914493470d3fa760e29) Importer(815301076,1909f56bfc062723c751e8b465ee728b)
Start importing Assets/Geopipe/Pack01/NYBlock01/Textures/medium-detail-materials_windowed_facade_brick_2mask.png using Guid(7056dcdabd73e914493470d3fa760e29) Importer(815301076,1909f56bfc062723c751e8b465ee728b)  -> (artifact id: '32c50868d228ed3dbca6d781577a755b') in 0.006809 seconds 
========================================================================
Received Import Request.
  Time since last request: 0.000046 seconds.
  path: Assets/Geopipe/Pack01/NYBlock01/Textures/medium-detail-materials_facade_stone_2.png
  artifactKey: Guid(716c2ea467538064da5adfb478b7a7a0) Importer(815301076,1909f56bfc062723c751e8b465ee728b)
Start importing Assets/Geopipe/Pack01/NYBlock01/Textures/medium-detail-materials_facade_stone_2.png using Guid(716c2ea467538064da5adfb478b7a7a0) Importer(815301076,1909f56bfc062723c751e8b465ee728b)  -> (artifact id: 'e599f4dc588ddb9a70d105682fe84a53') in 0.005563 seconds 
========================================================================
Received Import Request.
  Time since last request: 0.000065 seconds.
  path: Assets/Geopipe/Pack01/NYBlock01/Textures/medium-detail-materials_facade_glass_2.png
  artifactKey: Guid(9a7a44937e79ac745b7924c2ffeaa003) Importer(815301076,1909f56bfc062723c751e8b465ee728b)
Start importing Assets/Geopipe/Pack01/NYBlock01/Textures/medium-detail-materials_facade_glass_2.png using Guid(9a7a44937e79ac745b7924c2ffeaa003) Importer(815301076,1909f56bfc062723c751e8b465ee728b)  -> (artifact id: 'ab3d3fb7deff215273a016dfa0a84b46') in 0.005799 seconds 
========================================================================
Received Import Request.
  Time since last request: 0.000067 seconds.
  path: Assets/Geopipe/Pack01/NYBlock01/Textures/medium-detail-materials_windowed_facade_brick_3mask.png
  artifactKey: Guid(7fea9214b7322ca4e95b00318514bf50) Importer(815301076,1909f56bfc062723c751e8b465ee728b)
Start importing Assets/Geopipe/Pack01/NYBlock01/Textures/medium-detail-materials_windowed_facade_brick_3mask.png using Guid(7fea9214b7322ca4e95b00318514bf50) Importer(815301076,1909f56bfc062723c751e8b465ee728b)  -> (artifact id: '47554c7b82f6780a2f101353111fa652') in 0.006682 seconds 
========================================================================
Received Import Request.
  Time since last request: 0.000059 seconds.
  path: Assets/Geopipe/Pack01/NYBlock01/Textures/medium-detail-materials_facade_concrete_2.png
  artifactKey: Guid(e61fb8e81bb3c824480c4b0e36e8c980) Importer(815301076,1909f56bfc062723c751e8b465ee728b)
Start importing Assets/Geopipe/Pack01/NYBlock01/Textures/medium-detail-materials_facade_concrete_2.png using Guid(e61fb8e81bb3c824480c4b0e36e8c980) Importer(815301076,1909f56bfc062723c751e8b465ee728b)  -> (artifact id: 'c03ea56c3ae848cc6bd4ebe27bdbd7e5') in 0.005530 seconds 
========================================================================
Received Import Request.
  Time since last request: 0.000067 seconds.
  path: Assets/Geopipe/Pack01/NYBlock01/Textures/entity-models_sourcelowres_elm.png
  artifactKey: Guid(f07a0ba7bf77cc64dbaa155676201afa) Importer(815301076,1909f56bfc062723c751e8b465ee728b)
Start importing Assets/Geopipe/Pack01/NYBlock01/Textures/entity-models_sourcelowres_elm.png using Guid(f07a0ba7bf77cc64dbaa155676201afa) Importer(815301076,1909f56bfc062723c751e8b465ee728b)  -> (artifact id: 'b5311da940185a42020e9d7ca5eaa47e') in 0.007509 seconds 
========================================================================
Received Import Request.
  Time since last request: 0.000065 seconds.
  path: Assets/Geopipe/Pack01/NYBlock01/Textures/medium-detail-materials_windowed_facade_glass_2mask.png
  artifactKey: Guid(b9af39ed9c086ce45a3a70567dc161f1) Importer(815301076,1909f56bfc062723c751e8b465ee728b)
Start importing Assets/Geopipe/Pack01/NYBlock01/Textures/medium-detail-materials_windowed_facade_glass_2mask.png using Guid(b9af39ed9c086ce45a3a70567dc161f1) Importer(815301076,1909f56bfc062723c751e8b465ee728b)  -> (artifact id: 'a589df821f33db50b56841196d87160b') in 0.006800 seconds 
========================================================================
Received Import Request.
  Time since last request: 0.000054 seconds.
  path: Assets/Geopipe/Pack01/NYBlock01/Textures/high-detail-materials_sidewalk_concrete_slab.png
  artifactKey: Guid(3799cc42442757d4e98c45acabb04edc) Importer(815301076,1909f56bfc062723c751e8b465ee728b)
Start importing Assets/Geopipe/Pack01/NYBlock01/Textures/high-detail-materials_sidewalk_concrete_slab.png using Guid(3799cc42442757d4e98c45acabb04edc) Importer(815301076,1909f56bfc062723c751e8b465ee728b)  -> (artifact id: 'a9de9e945b2cde300467eb4499a5bd1d') in 0.006830 seconds 
========================================================================
Received Import Request.
  Time since last request: 0.000041 seconds.
  path: Assets/Geopipe/Pack01/NYBlock01/Textures/medium-detail-materials_facade_brick_5.png
  artifactKey: Guid(be8adcc33e739ee498f24245e02e58b4) Importer(815301076,1909f56bfc062723c751e8b465ee728b)
Start importing Assets/Geopipe/Pack01/NYBlock01/Textures/medium-detail-materials_facade_brick_5.png using Guid(be8adcc33e739ee498f24245e02e58b4) Importer(815301076,1909f56bfc062723c751e8b465ee728b)  -> (artifact id: '7f1934917c65cd3099c4ac0e099286c2') in 0.006992 seconds 
========================================================================
Received Import Request.
  Time since last request: 0.000063 seconds.
  path: Assets/Geopipe/Pack01/NYBlock01/Textures/medium-detail-materials_windowed_facade_brick_2.png
  artifactKey: Guid(41449e87d268714479fb5061f7182763) Importer(815301076,1909f56bfc062723c751e8b465ee728b)
Start importing Assets/Geopipe/Pack01/NYBlock01/Textures/medium-detail-materials_windowed_facade_brick_2.png using Guid(41449e87d268714479fb5061f7182763) Importer(815301076,1909f56bfc062723c751e8b465ee728b)  -> (artifact id: '988787a46a4b3e43ce2301fa0f0a2279') in 0.007347 seconds 
========================================================================
Received Import Request.
  Time since last request: 1.674426 seconds.
  path: Assets/Geopipe/Pack01/NYBlock01/Models
  artifactKey: Guid(e409408c05d3ea14d830edfe96702180) Importer(815301076,1909f56bfc062723c751e8b465ee728b)
Start importing Assets/Geopipe/Pack01/NYBlock01/Models using Guid(e409408c05d3ea14d830edfe96702180) Importer(815301076,1909f56bfc062723c751e8b465ee728b)  -> (artifact id: '2f1a08e670a3763028b91de791a3c899') in 0.002027 seconds 
========================================================================
Received Import Request.
  Time since last request: 0.070717 seconds.
  path: Assets/Geopipe/Pack01/NYBlock01/Models/NYBlock01.fbx
  artifactKey: Guid(d83e12d2b1794e3409e9a5a963c77d84) Importer(815301076,1909f56bfc062723c751e8b465ee728b)
Start importing Assets/Geopipe/Pack01/NYBlock01/Models/NYBlock01.fbx using Guid(d83e12d2b1794e3409e9a5a963c77d84) Importer(815301076,1909f56bfc062723c751e8b465ee728b)  -> (artifact id: '7a3b5a2e011144263c019d4017082e83') in 22.173086 seconds 
========================================================================
Received Import Request.
  Time since last request: 779.968074 seconds.
  path: Assets/RPG_FPS_game_assets_industrial/Assets_showcase_scene.unity
  artifactKey: Guid(a8f7c31154bcc5e409be7f1bb14f0b08) Importer(815301076,1909f56bfc062723c751e8b465ee728b)
Start importing Assets/RPG_FPS_game_assets_industrial/Assets_showcase_scene.unity using Guid(a8f7c31154bcc5e409be7f1bb14f0b08) Importer(815301076,1909f56bfc062723c751e8b465ee728b)  -> (artifact id: '35cff01d00b8fc0eddd279751fc269fa') in 0.001533 seconds 
========================================================================
Received Import Request.
  Time since last request: 13.057261 seconds.
  path: Assets/RPG_FPS_game_assets_industrial/Map_v1
  artifactKey: Guid(94fdc5985e0a94447b36138bdb5bf898) Importer(815301076,1909f56bfc062723c751e8b465ee728b)
Start importing Assets/RPG_FPS_game_assets_industrial/Map_v1 using Guid(94fdc5985e0a94447b36138bdb5bf898) Importer(815301076,1909f56bfc062723c751e8b465ee728b)  -> (artifact id: 'b61c3c75da8ab4db59ccc2a7069b7f59') in 0.001463 seconds 
========================================================================
Received Import Request.
  Time since last request: 0.039134 seconds.
  path: Assets/RPG_FPS_game_assets_industrial/Map_v1/LightingData.asset
  artifactKey: Guid(5c22eb700f4544949b90b5440902dd91) Importer(815301076,1909f56bfc062723c751e8b465ee728b)
Start importing Assets/RPG_FPS_game_assets_industrial/Map_v1/LightingData.asset using Guid(5c22eb700f4544949b90b5440902dd91) Importer(815301076,1909f56bfc062723c751e8b465ee728b)  -> (artifact id: 'fbc02dd102bdaa224eea9c0603091ab5') in 0.050860 seconds 
========================================================================
Received Import Request.
  Time since last request: 0.000053 seconds.
  path: Assets/RPG_FPS_game_assets_industrial/Map_v1/ReflectionProbe-0.exr
  artifactKey: Guid(f67125d15885c3c4aafb5fd749cae7c3) Importer(815301076,1909f56bfc062723c751e8b465ee728b)
Start importing Assets/RPG_FPS_game_assets_industrial/Map_v1/ReflectionProbe-0.exr using Guid(f67125d15885c3c4aafb5fd749cae7c3) Importer(815301076,1909f56bfc062723c751e8b465ee728b)  -> (artifact id: '33913d78341591abd76fb688ef9034a9') in 0.506470 seconds 
========================================================================
Received Import Request.
  Time since last request: 3.689787 seconds.
  path: Assets/RPG_FPS_game_assets_industrial/Map_v1.unity
  artifactKey: Guid(5a463281e6e238742a45430f11e82829) Importer(815301076,1909f56bfc062723c751e8b465ee728b)
Start importing Assets/RPG_FPS_game_assets_industrial/Map_v1.unity using Guid(5a463281e6e238742a45430f11e82829) Importer(815301076,1909f56bfc062723c751e8b465ee728b)  -> (artifact id: '55aac7bdce3e4537eecb2eb2752c1eef') in 0.002360 seconds 
========================================================================
Received Import Request.
  Time since last request: 16.881845 seconds.
  path: Assets/RPG_FPS_game_assets_industrial/Map_v2.unity
  artifactKey: Guid(1d35c8ff8df44934ab0d5619746c0699) Importer(815301076,1909f56bfc062723c751e8b465ee728b)
Start importing Assets/RPG_FPS_game_assets_industrial/Map_v2.unity using Guid(1d35c8ff8df44934ab0d5619746c0699) Importer(815301076,1909f56bfc062723c751e8b465ee728b)  -> (artifact id: '4bb4a08bae66b7223e980f8cd067ea22') in 0.001802 seconds 
========================================================================
Received Prepare
Registering precompiled user dll's ...
Registered in 0.001781 seconds.
Begin MonoManager ReloadAssembly
Symbol file LoadedFromMemory doesn't match image /Users/naotost/AQI Survival/Library/PackageCache/com.unity.visualscripting@1.7.8/Editor/VisualScripting.Core/Dependencies/YamlDotNet/Unity.VisualScripting.YamlDotNet.dll
Symbol file LoadedFromMemory doesn't match image /Users/naotost/AQI Survival/Library/PackageCache/com.unity.visualscripting@1.7.8/Editor/VisualScripting.Core/Dependencies/DotNetZip/Unity.VisualScripting.IonicZip.dll
Native extension for OSXStandalone target not found
Refreshing native plugins compatible for Editor in 0.68 ms, found 2 plugins.
Preloading 0 native plugins for Editor in 0.00 ms.
Mono: successfully reloaded assembly
- Completed reload, in  2.455 seconds
Domain Reload Profiling:
	ReloadAssembly (2457ms)
		BeginReloadAssembly (296ms)
			ExecutionOrderSort (0ms)
			DisableScriptedObjects (39ms)
			BackupInstance (0ms)
			ReleaseScriptingObjects (0ms)
			CreateAndSetChildDomain (90ms)
		EndReloadAssembly (1875ms)
			LoadAssemblies (114ms)
			RebuildTransferFunctionScriptingTraits (0ms)
			SetupTypeCache (343ms)
			ReleaseScriptCaches (1ms)
			RebuildScriptCaches (48ms)
			SetupLoadedEditorAssemblies (1168ms)
				LogAssemblyErrors (0ms)
				InitializePlatformSupportModulesInManaged (36ms)
				SetLoadedEditorAssemblies (2ms)
				RefreshPlugins (1ms)
				BeforeProcessingInitializeOnLoad (111ms)
				ProcessInitializeOnLoadAttributes (895ms)
				ProcessInitializeOnLoadMethodAttributes (122ms)
				AfterProcessingInitializeOnLoad (1ms)
				EditorAssembliesLoaded (0ms)
			ExecutionOrderSort2 (0ms)
			AwakeInstancesAfterBackupRestoration (12ms)
Platform modules already initialized, skipping
Refreshing native plugins compatible for Editor in 1.48 ms, found 2 plugins.
Preloading 0 native plugins for Editor in 0.00 ms.
Unloading 3375 Unused Serialized files (Serialized files now loaded: 0)
Unloading 20 unused Assets / (73.0 KB). Loaded Objects now: 3892.
Memory consumption went from 295.9 MB to 295.8 MB.
Total: 2.719625 ms (FindLiveObjects: 0.207292 ms CreateObjectMapping: 0.079875 ms MarkObjects: 2.323459 ms  DeleteObjects: 0.107750 ms)

AssetImportParameters requested are different than current active one (requested -> active):
  custom:video-decoder-ogg-theora: a1e56fd34408186e4bbccfd4996cb3dc -> 
  custom:container-muxer-webm: aa71ff27fc2769a1b78a27578f13a17b -> 
  custom:container-demuxer-webm: 4f35f7cbe854078d1ac9338744f61a02 -> 
  custom:video-encoder-webm-vp8: eb34c28f22e8b96e1ab97ce403110664 -> 
  custom:framework-osx-AVFoundation: e770b220cccbd017edd2c1fefb359320 -> 
  custom:audio-encoder-webm-vorbis: bf7c407c2cedff20999df2af8eb42d56 -> 
  custom:container-demuxer-ogg: 62fdf1f143b41e24485cea50d1cbac27 -> 
  custom:video-decoder-webm-vp8: 9c59270c3fd7afecdb556c50c9e8de78 -> 
  custom:audio-decoder-ogg-vorbis: bf7c407c2cedff20999df2af8eb42d56 -> 
========================================================================
Received Prepare
Registering precompiled user dll's ...
Registered in 0.001687 seconds.
Begin MonoManager ReloadAssembly
Symbol file LoadedFromMemory doesn't match image /Users/naotost/AQI Survival/Library/PackageCache/com.unity.visualscripting@1.7.8/Editor/VisualScripting.Core/Dependencies/YamlDotNet/Unity.VisualScripting.YamlDotNet.dll
Symbol file LoadedFromMemory doesn't match image /Users/naotost/AQI Survival/Library/PackageCache/com.unity.visualscripting@1.7.8/Editor/VisualScripting.Core/Dependencies/DotNetZip/Unity.VisualScripting.IonicZip.dll
Native extension for OSXStandalone target not found
Refreshing native plugins compatible for Editor in 0.68 ms, found 2 plugins.
Preloading 0 native plugins for Editor in 0.00 ms.
Mono: successfully reloaded assembly
- Completed reload, in  2.389 seconds
Domain Reload Profiling:
	ReloadAssembly (2390ms)
		BeginReloadAssembly (254ms)
			ExecutionOrderSort (0ms)
			DisableScriptedObjects (41ms)
			BackupInstance (0ms)
			ReleaseScriptingObjects (0ms)
			CreateAndSetChildDomain (60ms)
		EndReloadAssembly (1888ms)
			LoadAssemblies (103ms)
			RebuildTransferFunctionScriptingTraits (0ms)
			SetupTypeCache (329ms)
			ReleaseScriptCaches (1ms)
			RebuildScriptCaches (48ms)
			SetupLoadedEditorAssemblies (1200ms)
				LogAssemblyErrors (0ms)
				InitializePlatformSupportModulesInManaged (35ms)
				SetLoadedEditorAssemblies (2ms)
				RefreshPlugins (1ms)
				BeforeProcessingInitializeOnLoad (115ms)
				ProcessInitializeOnLoadAttributes (918ms)
				ProcessInitializeOnLoadMethodAttributes (128ms)
				AfterProcessingInitializeOnLoad (1ms)
				EditorAssembliesLoaded (0ms)
			ExecutionOrderSort2 (0ms)
			AwakeInstancesAfterBackupRestoration (13ms)
Platform modules already initialized, skipping
Refreshing native plugins compatible for Editor in 1.55 ms, found 2 plugins.
Preloading 0 native plugins for Editor in 0.00 ms.
Unloading 3375 Unused Serialized files (Serialized files now loaded: 0)
Unloading 20 unused Assets / (73.0 KB). Loaded Objects now: 3895.
Memory consumption went from 296.1 MB to 296.0 MB.
Total: 2.974875 ms (FindLiveObjects: 0.270958 ms CreateObjectMapping: 0.221833 ms MarkObjects: 2.376458 ms  DeleteObjects: 0.104834 ms)

AssetImportParameters requested are different than current active one (requested -> active):
  custom:video-decoder-ogg-theora: a1e56fd34408186e4bbccfd4996cb3dc -> 
  custom:container-muxer-webm: aa71ff27fc2769a1b78a27578f13a17b -> 
  custom:container-demuxer-webm: 4f35f7cbe854078d1ac9338744f61a02 -> 
  custom:video-encoder-webm-vp8: eb34c28f22e8b96e1ab97ce403110664 -> 
  custom:framework-osx-AVFoundation: e770b220cccbd017edd2c1fefb359320 -> 
  custom:audio-encoder-webm-vorbis: bf7c407c2cedff20999df2af8eb42d56 -> 
  custom:container-demuxer-ogg: 62fdf1f143b41e24485cea50d1cbac27 -> 
  custom:video-decoder-webm-vp8: 9c59270c3fd7afecdb556c50c9e8de78 -> 
  custom:audio-decoder-ogg-vorbis: bf7c407c2cedff20999df2af8eb42d56 -> 
========================================================================
Received Import Request.
  Time since last request: 310.483405 seconds.
  path: Assets/Scripts/PlayerControllCS.cs
  artifactKey: Guid(e39494893208e466c8de3d1d01657852) Importer(815301076,1909f56bfc062723c751e8b465ee728b)
Start importing Assets/Scripts/PlayerControllCS.cs using Guid(e39494893208e466c8de3d1d01657852) Importer(815301076,1909f56bfc062723c751e8b465ee728b)  -> (artifact id: '6d200b19a545b4185ed7c660d0430efd') in 0.196797 seconds 
========================================================================
Received Prepare
Registering precompiled user dll's ...
Registered in 0.001625 seconds.
Begin MonoManager ReloadAssembly
Symbol file LoadedFromMemory doesn't match image /Users/naotost/AQI Survival/Library/PackageCache/com.unity.visualscripting@1.7.8/Editor/VisualScripting.Core/Dependencies/YamlDotNet/Unity.VisualScripting.YamlDotNet.dll
Symbol file LoadedFromMemory doesn't match image /Users/naotost/AQI Survival/Library/PackageCache/com.unity.visualscripting@1.7.8/Editor/VisualScripting.Core/Dependencies/DotNetZip/Unity.VisualScripting.IonicZip.dll
Native extension for OSXStandalone target not found
Refreshing native plugins compatible for Editor in 0.59 ms, found 2 plugins.
Preloading 0 native plugins for Editor in 0.00 ms.
Mono: successfully reloaded assembly
- Completed reload, in  2.424 seconds
Domain Reload Profiling:
	ReloadAssembly (2425ms)
		BeginReloadAssembly (267ms)
			ExecutionOrderSort (0ms)
			DisableScriptedObjects (43ms)
			BackupInstance (0ms)
			ReleaseScriptingObjects (0ms)
			CreateAndSetChildDomain (59ms)
		EndReloadAssembly (1900ms)
			LoadAssemblies (112ms)
			RebuildTransferFunctionScriptingTraits (0ms)
			SetupTypeCache (333ms)
			ReleaseScriptCaches (1ms)
			RebuildScriptCaches (47ms)
			SetupLoadedEditorAssemblies (1207ms)
				LogAssemblyErrors (0ms)
				InitializePlatformSupportModulesInManaged (34ms)
				SetLoadedEditorAssemblies (2ms)
				RefreshPlugins (1ms)
				BeforeProcessingInitializeOnLoad (114ms)
				ProcessInitializeOnLoadAttributes (935ms)
				ProcessInitializeOnLoadMethodAttributes (121ms)
				AfterProcessingInitializeOnLoad (1ms)
				EditorAssembliesLoaded (0ms)
			ExecutionOrderSort2 (0ms)
			AwakeInstancesAfterBackupRestoration (13ms)
Platform modules already initialized, skipping
Refreshing native plugins compatible for Editor in 1.51 ms, found 2 plugins.
Preloading 0 native plugins for Editor in 0.00 ms.
Unloading 3376 Unused Serialized files (Serialized files now loaded: 0)
Unloading 20 unused Assets / (72.7 KB). Loaded Objects now: 3899.
Memory consumption went from 300.5 MB to 300.4 MB.
Total: 2.460708 ms (FindLiveObjects: 0.176500 ms CreateObjectMapping: 0.076917 ms MarkObjects: 2.119958 ms  DeleteObjects: 0.086459 ms)

AssetImportParameters requested are different than current active one (requested -> active):
  custom:video-decoder-ogg-theora: a1e56fd34408186e4bbccfd4996cb3dc -> 
  custom:container-muxer-webm: aa71ff27fc2769a1b78a27578f13a17b -> 
  custom:container-demuxer-webm: 4f35f7cbe854078d1ac9338744f61a02 -> 
  custom:video-encoder-webm-vp8: eb34c28f22e8b96e1ab97ce403110664 -> 
  custom:framework-osx-AVFoundation: e770b220cccbd017edd2c1fefb359320 -> 
  custom:audio-encoder-webm-vorbis: bf7c407c2cedff20999df2af8eb42d56 -> 
  custom:container-demuxer-ogg: 62fdf1f143b41e24485cea50d1cbac27 -> 
  custom:video-decoder-webm-vp8: 9c59270c3fd7afecdb556c50c9e8de78 -> 
  custom:audio-decoder-ogg-vorbis: bf7c407c2cedff20999df2af8eb42d56 -> 
========================================================================
Received Prepare
Registering precompiled user dll's ...
Registered in 0.001670 seconds.
Begin MonoManager ReloadAssembly
Symbol file LoadedFromMemory doesn't match image /Users/naotost/AQI Survival/Library/PackageCache/com.unity.visualscripting@1.7.8/Editor/VisualScripting.Core/Dependencies/YamlDotNet/Unity.VisualScripting.YamlDotNet.dll
Symbol file LoadedFromMemory doesn't match image /Users/naotost/AQI Survival/Library/PackageCache/com.unity.visualscripting@1.7.8/Editor/VisualScripting.Core/Dependencies/DotNetZip/Unity.VisualScripting.IonicZip.dll
Native extension for OSXStandalone target not found
Refreshing native plugins compatible for Editor in 0.63 ms, found 2 plugins.
Preloading 0 native plugins for Editor in 0.00 ms.
Mono: successfully reloaded assembly
- Completed reload, in  2.761 seconds
Domain Reload Profiling:
	ReloadAssembly (2763ms)
		BeginReloadAssembly (360ms)
			ExecutionOrderSort (0ms)
			DisableScriptedObjects (44ms)
			BackupInstance (0ms)
			ReleaseScriptingObjects (0ms)
			CreateAndSetChildDomain (99ms)
		EndReloadAssembly (2089ms)
			LoadAssemblies (134ms)
			RebuildTransferFunctionScriptingTraits (0ms)
			SetupTypeCache (364ms)
			ReleaseScriptCaches (1ms)
			RebuildScriptCaches (49ms)
			SetupLoadedEditorAssemblies (1322ms)
				LogAssemblyErrors (0ms)
				InitializePlatformSupportModulesInManaged (40ms)
				SetLoadedEditorAssemblies (2ms)
				RefreshPlugins (1ms)
				BeforeProcessingInitializeOnLoad (147ms)
				ProcessInitializeOnLoadAttributes (1000ms)
				ProcessInitializeOnLoadMethodAttributes (130ms)
				AfterProcessingInitializeOnLoad (1ms)
				EditorAssembliesLoaded (0ms)
			ExecutionOrderSort2 (0ms)
			AwakeInstancesAfterBackupRestoration (14ms)
Platform modules already initialized, skipping
Refreshing native plugins compatible for Editor in 1.02 ms, found 2 plugins.
Preloading 0 native plugins for Editor in 0.00 ms.
Unloading 3376 Unused Serialized files (Serialized files now loaded: 0)
Unloading 20 unused Assets / (72.7 KB). Loaded Objects now: 3902.
Memory consumption went from 300.7 MB to 300.6 MB.
Total: 2.816000 ms (FindLiveObjects: 0.204500 ms CreateObjectMapping: 0.085791 ms MarkObjects: 2.434500 ms  DeleteObjects: 0.090250 ms)

AssetImportParameters requested are different than current active one (requested -> active):
  custom:video-decoder-ogg-theora: a1e56fd34408186e4bbccfd4996cb3dc -> 
  custom:container-muxer-webm: aa71ff27fc2769a1b78a27578f13a17b -> 
  custom:container-demuxer-webm: 4f35f7cbe854078d1ac9338744f61a02 -> 
  custom:video-encoder-webm-vp8: eb34c28f22e8b96e1ab97ce403110664 -> 
  custom:framework-osx-AVFoundation: e770b220cccbd017edd2c1fefb359320 -> 
  custom:audio-encoder-webm-vorbis: bf7c407c2cedff20999df2af8eb42d56 -> 
  custom:container-demuxer-ogg: 62fdf1f143b41e24485cea50d1cbac27 -> 
  custom:video-decoder-webm-vp8: 9c59270c3fd7afecdb556c50c9e8de78 -> 
  custom:audio-decoder-ogg-vorbis: bf7c407c2cedff20999df2af8eb42d56 -> 
AssetImportWorkerClient::OnTransportError - code=2 error=End of file
